c:\users\caleb\documents\classwork\2015 spring\comp_phys\final\surfaceevolver\surfaceevolver\release\vc120.pdb
c:\users\caleb\documents\classwork\2015 spring\comp_phys\final\surfaceevolver\surfaceevolver\release\transform.obj
c:\users\caleb\documents\classwork\2015 spring\comp_phys\final\surfaceevolver\surfaceevolver\release\shaderprogram.obj
c:\users\caleb\documents\classwork\2015 spring\comp_phys\final\surfaceevolver\surfaceevolver\release\shader.obj
c:\users\caleb\documents\classwork\2015 spring\comp_phys\final\surfaceevolver\surfaceevolver\release\scenenode.obj
c:\users\caleb\documents\classwork\2015 spring\comp_phys\final\surfaceevolver\surfaceevolver\release\scenemanager.obj
c:\users\caleb\documents\classwork\2015 spring\comp_phys\final\surfaceevolver\surfaceevolver\release\modelnode.obj
c:\users\caleb\documents\classwork\2015 spring\comp_phys\final\surfaceevolver\surfaceevolver\release\mesh.obj
c:\users\caleb\documents\classwork\2015 spring\comp_phys\final\surfaceevolver\surfaceevolver\release\main.obj
c:\users\caleb\documents\classwork\2015 spring\comp_phys\final\surfaceevolver\surfaceevolver\release\device.obj
c:\users\caleb\documents\classwork\2015 spring\comp_phys\final\surfaceevolver\surfaceevolver\release\cameranode.obj
c:\users\caleb\documents\classwork\2015 spring\comp_phys\final\surfaceevolver\surfaceevolver\release\computenormals.cu.cache
c:\users\caleb\documents\classwork\2015 spring\comp_phys\final\surfaceevolver\surfaceevolver\release\math.cu.cache
c:\users\caleb\documents\classwork\2015 spring\comp_phys\final\surfaceevolver\surfaceevolver\release\computenormals.cu.obj
c:\users\caleb\documents\classwork\2015 spring\comp_phys\final\surfaceevolver\surfaceevolver\release\math.cu.obj
c:\users\caleb\documents\classwork\2015 spring\comp_phys\final\surfaceevolver\surfaceevolver\release\surfaceevolver.tlog\cl.command.1.tlog
c:\users\caleb\documents\classwork\2015 spring\comp_phys\final\surfaceevolver\surfaceevolver\release\surfaceevolver.tlog\cl.read.1.tlog
c:\users\caleb\documents\classwork\2015 spring\comp_phys\final\surfaceevolver\surfaceevolver\release\surfaceevolver.tlog\cl.write.1.tlog
c:\users\caleb\documents\classwork\2015 spring\comp_phys\final\surfaceevolver\surfaceevolver\release\surfaceevolver.tlog\link.command.1.tlog
c:\users\caleb\documents\classwork\2015 spring\comp_phys\final\surfaceevolver\surfaceevolver\release\surfaceevolver.tlog\link.read.1.tlog
c:\users\caleb\documents\classwork\2015 spring\comp_phys\final\surfaceevolver\surfaceevolver\release\surfaceevolver.tlog\link.write.1.tlog
